2023.05.02 11:26:16 INFO  Started: Metals version 0.11.12 in workspace 'C:\Users\joaogu\OneDrive - Checkmarx\Desktop\qa_samples\Scala\PBI\[JVM Alignment - Scala] Create query JWT_Use_Of_None_Algorithm' for client Visual Studio Code 1.77.3.
May 02, 2023 11:26:16 AM org.flywaydb.core.internal.license.VersionPrinter printVersionOnly
INFO: Flyway Community Edition 9.16.3 by Redgate
May 02, 2023 11:26:16 AM org.flywaydb.core.internal.license.VersionPrinter printVersion
INFO: See release notes here: https://rd.gt/416ObMi
May 02, 2023 11:26:16 AM org.flywaydb.core.internal.license.VersionPrinter printVersion
INFO: 
May 02, 2023 11:26:16 AM org.flywaydb.core.internal.database.base.BaseDatabaseType createDatabase
INFO: Database: jdbc:h2:file:C:\Users\joaogu\OneDrive - Checkmarx\Desktop\qa_samples\Scala\PBI\[JVM Alignment - Scala] Create query JWT_Use_Of_None_Algorithm\.metals\metals (H2 2.1)
May 02, 2023 11:26:16 AM org.flywaydb.core.internal.schemahistory.JdbcTableSchemaHistory allAppliedMigrations
INFO: Schema history table "PUBLIC"."flyway_schema_history" does not exist yet
May 02, 2023 11:26:16 AM org.flywaydb.core.internal.command.DbValidate validate
INFO: Successfully validated 4 migrations (execution time 00:00.017s)
May 02, 2023 11:26:16 AM org.flywaydb.core.internal.schemahistory.JdbcTableSchemaHistory create
INFO: Creating Schema History table "PUBLIC"."flyway_schema_history" ...
May 02, 2023 11:26:16 AM org.flywaydb.core.internal.command.DbMigrate migrateGroup
INFO: Current version of schema "PUBLIC": << Empty Schema >>
May 02, 2023 11:26:16 AM org.flywaydb.core.internal.command.DbMigrate doMigrateGroup
INFO: Migrating schema "PUBLIC" to version "1 - Create tables"
May 02, 2023 11:26:16 AM org.flywaydb.core.internal.command.DbMigrate doMigrateGroup
INFO: Migrating schema "PUBLIC" to version "2 - Server discovery"
May 02, 2023 11:26:16 AM org.flywaydb.core.internal.command.DbMigrate doMigrateGroup
INFO: Migrating schema "PUBLIC" to version "3 - Jar symbols"
May 02, 2023 11:26:16 AM org.flywaydb.core.internal.command.DbMigrate doMigrateGroup
INFO: Migrating schema "PUBLIC" to version "4 - Fingerprints"
May 02, 2023 11:26:16 AM org.flywaydb.core.internal.command.DbMigrate logSummary
INFO: Successfully applied 4 migrations to schema "PUBLIC", now at version v4 (execution time 00:00.044s)
2023.05.02 11:26:16 INFO  time: initialize in 0.59s
2023.05.02 11:26:18 WARN  Build server is not auto-connectable.
2023.05.02 11:26:18 WARN  no build tool detected in workspace 'C:\Users\joaogu\OneDrive - Checkmarx\Desktop\qa_samples\Scala\PBI\[JVM Alignment - Scala] Create query JWT_Use_Of_None_Algorithm'. The most common cause for this problem is that the editor was opened in the wrong working directory, for example if you use sbt then the workspace directory should contain build.sbt. 
2023.05.02 11:26:33 WARN  no build target for: C:\Users\joaogu\OneDrive - Checkmarx\Desktop\qa_samples\Scala\PBI\[JVM Alignment - Scala] Create query JWT_Use_Of_None_Algorithm\sample1.scala
2023.05.02 11:26:37 INFO  no build target found for C:\Users\joaogu\OneDrive - Checkmarx\Desktop\qa_samples\Scala\PBI\[JVM Alignment - Scala] Create query JWT_Use_Of_None_Algorithm\sample1.scala. Using presentation compiler with project's scala-library version: 3.2.2
2023.05.02 11:26:37 WARN  no build target for: C:\Users\joaogu\OneDrive - Checkmarx\Desktop\qa_samples\Scala\PBI\[JVM Alignment - Scala] Create query JWT_Use_Of_None_Algorithm\sample2.scala
2023.05.02 11:26:38 INFO  time: code lens generation in 4.01s
2023.05.02 11:26:42 WARN  no build target for: C:\Users\joaogu\OneDrive - Checkmarx\Desktop\qa_samples\Scala\PBI\[JVM Alignment - Scala] Create query JWT_Use_Of_None_Algorithm\sample3.scala
2023.05.02 11:26:46 WARN  no build target for: C:\Users\joaogu\OneDrive - Checkmarx\Desktop\qa_samples\Scala\PBI\[JVM Alignment - Scala] Create query JWT_Use_Of_None_Algorithm\sample1.scala
2023.05.02 11:27:01 WARN  no build target for: C:\Users\joaogu\OneDrive - Checkmarx\Desktop\qa_samples\Scala\PBI\[JVM Alignment - Scala] Create query JWT_Use_Of_None_Algorithm\sample2.scala
2023.05.02 11:27:38 WARN  no build target for: C:\Users\joaogu\OneDrive - Checkmarx\Desktop\qa_samples\Scala\PBI\[JVM Alignment - Scala] Create query JWT_Use_Of_None_Algorithm\sample3.scala
2023.05.02 11:35:25 INFO  Shutting down server
2023.05.02 11:35:25 INFO  shutting down Metals
2023.05.02 11:35:25 INFO  Exiting server
